app/build/intermediates/manifest_merge_blame_file/debug/manifest-merger-blame-debug-report.txt
1<?xml version="1.0" encoding="utf-8"?>
2<manifest xmlns:android="http://schemas.android.com/apk/res/android"
3    package="com.example.datingcrod"
4    android:versionCode="1"
5    android:versionName="1.0" >
6
7    <uses-sdk
8        android:minSdkVersion="26"
8-->src\main\AndroidManifest.xml
9        android:targetSdkVersion="30" />
9-->src\main\AndroidManifest.xml
10
11    <uses-permission android:name="android.permission.READ_EXTERNAL_STORAGE" />
11-->src\main\AndroidManifest.xml:5:5-80
11-->src\main\AndroidManifest.xml:5:22-77
12    <uses-permission android:name="android.permission.INTERNET" />
12-->src\main\AndroidManifest.xml:6:5-67
12-->src\main\AndroidManifest.xml:6:22-64
13    <uses-permission android:name="android.permission.ACCESS_NETWORK_STATE" />
13-->src\main\AndroidManifest.xml:7:5-79
13-->src\main\AndroidManifest.xml:7:22-76
14    <uses-permission android:name="android.permission.VIBRATE" />
14-->src\main\AndroidManifest.xml:8:5-66
14-->src\main\AndroidManifest.xml:8:22-63
15
16    <!-- Create a unique permission for your app and use it so only your app can receive your OneSignal messages. -->
17    <permission
17-->[com.onesignal:OneSignal:3.13.0] AndroidManifest.xml:7:5-9:47
18        android:name="com.example.datingcrod.permission.C2D_MESSAGE"
18-->[com.onesignal:OneSignal:3.13.0] AndroidManifest.xml:8:9-63
19        android:protectionLevel="signature" />
19-->[com.onesignal:OneSignal:3.13.0] AndroidManifest.xml:9:9-44
20
21    <uses-permission android:name="com.example.datingcrod.permission.C2D_MESSAGE" />
21-->[com.onesignal:OneSignal:3.13.0] AndroidManifest.xml:11:5-79
21-->[com.onesignal:OneSignal:3.13.0] AndroidManifest.xml:11:22-76
22    <uses-permission android:name="com.google.android.c2dm.permission.RECEIVE" /> <!-- Required, makes sure notifications are delivered on time. -->
22-->[com.onesignal:OneSignal:3.13.0] AndroidManifest.xml:17:5-82
22-->[com.onesignal:OneSignal:3.13.0] AndroidManifest.xml:17:22-79
23    <uses-permission android:name="android.permission.WAKE_LOCK" />
23-->[com.onesignal:OneSignal:3.13.0] AndroidManifest.xml:18:5-68
23-->[com.onesignal:OneSignal:3.13.0] AndroidManifest.xml:18:22-65
24    <!--
25 Use to restore notifications the user hasn't interacted with.
26         They could be missed notifications if the user reboots their device if this isn't in place.
27    -->
28    <uses-permission android:name="android.permission.RECEIVE_BOOT_COMPLETED" /> <!-- START: ShortcutBadger -->
28-->[com.onesignal:OneSignal:3.13.0] AndroidManifest.xml:29:5-81
28-->[com.onesignal:OneSignal:3.13.0] AndroidManifest.xml:29:22-78
29    <!-- Samsung -->
30    <uses-permission android:name="com.sec.android.provider.badge.permission.READ" />
30-->[com.onesignal:OneSignal:3.13.0] AndroidManifest.xml:31:5-86
30-->[com.onesignal:OneSignal:3.13.0] AndroidManifest.xml:31:22-83
31    <uses-permission android:name="com.sec.android.provider.badge.permission.WRITE" /> <!-- HTC -->
31-->[com.onesignal:OneSignal:3.13.0] AndroidManifest.xml:32:5-87
31-->[com.onesignal:OneSignal:3.13.0] AndroidManifest.xml:32:22-84
32    <uses-permission android:name="com.htc.launcher.permission.READ_SETTINGS" />
32-->[com.onesignal:OneSignal:3.13.0] AndroidManifest.xml:33:5-81
32-->[com.onesignal:OneSignal:3.13.0] AndroidManifest.xml:33:22-78
33    <uses-permission android:name="com.htc.launcher.permission.UPDATE_SHORTCUT" /> <!-- Sony -->
33-->[com.onesignal:OneSignal:3.13.0] AndroidManifest.xml:34:5-83
33-->[com.onesignal:OneSignal:3.13.0] AndroidManifest.xml:34:22-80
34    <uses-permission android:name="com.sonyericsson.home.permission.BROADCAST_BADGE" />
34-->[com.onesignal:OneSignal:3.13.0] AndroidManifest.xml:35:5-88
34-->[com.onesignal:OneSignal:3.13.0] AndroidManifest.xml:35:22-85
35    <uses-permission android:name="com.sonymobile.home.permission.PROVIDER_INSERT_BADGE" /> <!-- Apex -->
35-->[com.onesignal:OneSignal:3.13.0] AndroidManifest.xml:36:5-92
35-->[com.onesignal:OneSignal:3.13.0] AndroidManifest.xml:36:22-89
36    <uses-permission android:name="com.anddoes.launcher.permission.UPDATE_COUNT" /> <!-- Solid -->
36-->[com.onesignal:OneSignal:3.13.0] AndroidManifest.xml:37:5-84
36-->[com.onesignal:OneSignal:3.13.0] AndroidManifest.xml:37:22-81
37    <uses-permission android:name="com.majeur.launcher.permission.UPDATE_BADGE" /> <!-- Huawei -->
37-->[com.onesignal:OneSignal:3.13.0] AndroidManifest.xml:38:5-83
37-->[com.onesignal:OneSignal:3.13.0] AndroidManifest.xml:38:22-80
38    <uses-permission android:name="com.huawei.android.launcher.permission.CHANGE_BADGE" />
38-->[com.onesignal:OneSignal:3.13.0] AndroidManifest.xml:39:5-91
38-->[com.onesignal:OneSignal:3.13.0] AndroidManifest.xml:39:22-88
39    <uses-permission android:name="com.huawei.android.launcher.permission.READ_SETTINGS" />
39-->[com.onesignal:OneSignal:3.13.0] AndroidManifest.xml:40:5-92
39-->[com.onesignal:OneSignal:3.13.0] AndroidManifest.xml:40:22-89
40    <uses-permission android:name="com.huawei.android.launcher.permission.WRITE_SETTINGS" /> <!-- ZUK -->
40-->[com.onesignal:OneSignal:3.13.0] AndroidManifest.xml:41:5-93
40-->[com.onesignal:OneSignal:3.13.0] AndroidManifest.xml:41:22-90
41    <uses-permission android:name="android.permission.READ_APP_BADGE" /> <!-- OPPO -->
41-->[com.onesignal:OneSignal:3.13.0] AndroidManifest.xml:42:5-73
41-->[com.onesignal:OneSignal:3.13.0] AndroidManifest.xml:42:22-70
42    <uses-permission android:name="com.oppo.launcher.permission.READ_SETTINGS" />
42-->[com.onesignal:OneSignal:3.13.0] AndroidManifest.xml:43:5-82
42-->[com.onesignal:OneSignal:3.13.0] AndroidManifest.xml:43:22-79
43    <uses-permission android:name="com.oppo.launcher.permission.WRITE_SETTINGS" /> <!-- EvMe -->
43-->[com.onesignal:OneSignal:3.13.0] AndroidManifest.xml:44:5-83
43-->[com.onesignal:OneSignal:3.13.0] AndroidManifest.xml:44:22-80
44    <uses-permission android:name="me.everything.badger.permission.BADGE_COUNT_READ" />
44-->[com.onesignal:OneSignal:3.13.0] AndroidManifest.xml:45:5-88
44-->[com.onesignal:OneSignal:3.13.0] AndroidManifest.xml:45:22-85
45    <uses-permission android:name="me.everything.badger.permission.BADGE_COUNT_WRITE" />
45-->[com.onesignal:OneSignal:3.13.0] AndroidManifest.xml:46:5-89
45-->[com.onesignal:OneSignal:3.13.0] AndroidManifest.xml:46:22-86
46    <uses-permission android:name="com.google.android.finsky.permission.BIND_GET_INSTALL_REFERRER_SERVICE" /> <!-- Android package visibility setting -->
46-->[com.google.android.gms:play-services-measurement:18.0.2] AndroidManifest.xml:26:5-110
46-->[com.google.android.gms:play-services-measurement:18.0.2] AndroidManifest.xml:26:22-107
47    <queries>
47-->[com.google.android.gms:play-services-ads-lite:19.7.0] AndroidManifest.xml:27:5-43:15
48
49        <!-- For browser content -->
50        <intent>
50-->[com.google.android.gms:play-services-ads-lite:19.7.0] AndroidManifest.xml:30:9-36:18
51            <action android:name="android.intent.action.VIEW" />
51-->[com.google.firebase:firebase-auth:20.0.2] AndroidManifest.xml:34:17-69
51-->[com.google.firebase:firebase-auth:20.0.2] AndroidManifest.xml:34:25-66
52
53            <category android:name="android.intent.category.BROWSABLE" />
53-->[com.google.firebase:firebase-auth:20.0.2] AndroidManifest.xml:37:17-78
53-->[com.google.firebase:firebase-auth:20.0.2] AndroidManifest.xml:37:27-75
54
55            <data android:scheme="https" />
55-->[com.google.firebase:firebase-auth:20.0.2] AndroidManifest.xml:39:17-42:51
55-->[com.google.firebase:firebase-auth:20.0.2] AndroidManifest.xml:42:21-48
56        </intent>
57        <!-- End of browser content -->
58        <!-- For CustomTabsService -->
59        <intent>
59-->[com.google.android.gms:play-services-ads-lite:19.7.0] AndroidManifest.xml:39:9-41:18
60            <action android:name="android.support.customtabs.action.CustomTabsService" />
60-->[com.google.android.gms:play-services-ads-lite:19.7.0] AndroidManifest.xml:40:13-90
60-->[com.google.android.gms:play-services-ads-lite:19.7.0] AndroidManifest.xml:40:21-87
61        </intent>
62        <!-- End of CustomTabsService -->
63    </queries>
64
65    <application
65-->src\main\AndroidManifest.xml:10:5-74:19
66        android:allowBackup="true"
66-->src\main\AndroidManifest.xml:11:9-35
67        android:appComponentFactory="androidx.core.app.CoreComponentFactory"
67-->[androidx.core:core:1.3.1] AndroidManifest.xml:24:18-86
68        android:debuggable="true"
69        android:extractNativeLibs="false"
70        android:icon="@mipmap/ic_launcher1"
70-->src\main\AndroidManifest.xml:12:9-44
71        android:label="@string/app_name"
71-->src\main\AndroidManifest.xml:13:9-41
72        android:roundIcon="@mipmap/ic_launcher1"
72-->src\main\AndroidManifest.xml:14:9-49
73        android:supportsRtl="true"
73-->src\main\AndroidManifest.xml:15:9-35
74        android:theme="@style/AppTheme" >
74-->src\main\AndroidManifest.xml:16:9-40
75
76        <!-- Sample AdMob app ID: ca-app-pub-3940256099942544~3347511713 -->
77        <meta-data
77-->src\main\AndroidManifest.xml:19:9-21:69
78            android:name="com.google.android.gms.ads.APPLICATION_ID"
78-->src\main\AndroidManifest.xml:20:13-69
79            android:value="ca-app-pub-3940256099942544~3347511713" />
79-->src\main\AndroidManifest.xml:21:13-67
80
81        <!-- <activity android:name=".MainActivity"> -->
82        <!-- <intent-filter> -->
83        <!-- <action android:name="android.intent.action.MAIN" /> -->
84
85
86        <!-- <category android:name="android.intent.category.LAUNCHER" /> -->
87        <!-- </intent-filter> -->
88        <!-- </activity> -->
89        <!-- </application> -->
90
91
92        <!-- </manifest> -->
93
94        <activity
94-->src\main\AndroidManifest.xml:37:9-39:46
95            android:name="com.example.datingcrod.MainActivity"
95-->src\main\AndroidManifest.xml:37:19-47
96            android:launchMode="singleTop"
96-->src\main\AndroidManifest.xml:39:13-43
97            android:windowSoftInputMode="adjustResize" />
97-->src\main\AndroidManifest.xml:38:13-57
98        <activity android:name="com.example.datingcrod.ChooseLoginRegistrationActivity" >
98-->src\main\AndroidManifest.xml:40:9-45:20
98-->src\main\AndroidManifest.xml:40:19-66
99            <intent-filter>
99-->src\main\AndroidManifest.xml:41:13-44:29
100                <action android:name="android.intent.action.MAIN" />
100-->src\main\AndroidManifest.xml:42:17-69
100-->src\main\AndroidManifest.xml:42:25-66
101
102                <category android:name="android.intent.category.DEFAULT" />
102-->src\main\AndroidManifest.xml:43:17-76
102-->src\main\AndroidManifest.xml:43:27-73
103            </intent-filter>
104        </activity>
105        <activity
105-->src\main\AndroidManifest.xml:46:9-53:20
106            android:name="com.example.datingcrod.SplashScreen"
106-->src\main\AndroidManifest.xml:46:19-47
107            android:theme="@style/Theme.AppCompat.NoActionBar" >
107-->src\main\AndroidManifest.xml:47:13-63
108            <intent-filter>
108-->src\main\AndroidManifest.xml:48:13-52:29
109                <action android:name="android.intent.action.MAIN" />
109-->src\main\AndroidManifest.xml:42:17-69
109-->src\main\AndroidManifest.xml:42:25-66
110
111                <category android:name="android.intent.category.LAUNCHER" />
111-->src\main\AndroidManifest.xml:51:17-77
111-->src\main\AndroidManifest.xml:51:27-74
112            </intent-filter>
113        </activity>
114        <activity android:name="com.example.datingcrod.RegistrationActivity" />
114-->src\main\AndroidManifest.xml:54:9-58
114-->src\main\AndroidManifest.xml:54:19-55
115        <activity android:name="com.example.datingcrod.LoginActivity" />
115-->src\main\AndroidManifest.xml:55:9-51
115-->src\main\AndroidManifest.xml:55:19-48
116        <activity android:name="com.example.datingcrod.SettingsActivity" />
116-->src\main\AndroidManifest.xml:56:9-54
116-->src\main\AndroidManifest.xml:56:19-51
117        <activity android:name="com.example.datingcrod.BtnLikeActivity" />
117-->src\main\AndroidManifest.xml:57:9-53
117-->src\main\AndroidManifest.xml:57:19-50
118        <activity android:name="com.example.datingcrod.Matches.MatchesActivity" />
118-->src\main\AndroidManifest.xml:58:9-83
118-->src\main\AndroidManifest.xml:58:19-80
119        <activity android:name="com.example.datingcrod.ForgotPasswordActivity" />
119-->src\main\AndroidManifest.xml:59:9-60
119-->src\main\AndroidManifest.xml:59:19-57
120        <activity android:name="com.example.datingcrod.BtnDislikeActivity" />
120-->src\main\AndroidManifest.xml:60:9-55
120-->src\main\AndroidManifest.xml:60:19-53
121        <activity
121-->src\main\AndroidManifest.xml:61:9-62:20
122            android:name="com.example.datingcrod.Chat.ChatActivity"
122-->src\main\AndroidManifest.xml:61:19-52
123            android:windowSoftInputMode="adjustResize" >
123-->src\main\AndroidManifest.xml:61:53-97
124        </activity>
125
126        <service android:name="com.example.datingcrod.services.MyFirebaseInstanceServices" >
126-->src\main\AndroidManifest.xml:65:9-70:19
126-->src\main\AndroidManifest.xml:66:13-64
127            <intent-filter>
127-->src\main\AndroidManifest.xml:67:13-69:29
128                <action android:name="com.google.firebase.INSTANCE_ID_EVENT" />
128-->src\main\AndroidManifest.xml:68:17-79
128-->src\main\AndroidManifest.xml:68:25-77
129            </intent-filter>
130        </service>
131
132        <meta-data
132-->[com.onesignal:OneSignal:3.13.0] AndroidManifest.xml:49:9-51:51
133            android:name="onesignal_app_id"
133-->[com.onesignal:OneSignal:3.13.0] AndroidManifest.xml:50:13-44
134            android:value="efaa1f93-5ef9-4d25-9dec-a1e50c782491" /> <!-- Deprecated - Pulled from OneSignal dashboard. -->
134-->[com.onesignal:OneSignal:3.13.0] AndroidManifest.xml:51:13-48
135        <meta-data
135-->[com.onesignal:OneSignal:3.13.0] AndroidManifest.xml:53:9-55:70
136            android:name="onesignal_google_project_number"
136-->[com.onesignal:OneSignal:3.13.0] AndroidManifest.xml:54:13-59
137            android:value="str:911298245776" />
137-->[com.onesignal:OneSignal:3.13.0] AndroidManifest.xml:55:13-67
138
139        <receiver
139-->[com.onesignal:OneSignal:3.13.0] AndroidManifest.xml:57:9-67:20
140            android:name="com.onesignal.GcmBroadcastReceiver"
140-->[com.onesignal:OneSignal:3.13.0] AndroidManifest.xml:58:13-62
141            android:permission="com.google.android.c2dm.permission.SEND" >
141-->[com.onesignal:OneSignal:3.13.0] AndroidManifest.xml:59:13-73
142
143            <!-- High priority so OneSignal payloads can be filtered from other GCM receivers if filterOtherGCMReceivers is enabled. -->
144            <intent-filter android:priority="999" >
144-->[com.onesignal:OneSignal:3.13.0] AndroidManifest.xml:62:13-66:29
144-->[com.onesignal:OneSignal:3.13.0] AndroidManifest.xml:62:28-50
145                <action android:name="com.google.android.c2dm.intent.RECEIVE" />
145-->[com.onesignal:OneSignal:3.13.0] AndroidManifest.xml:63:17-81
145-->[com.onesignal:OneSignal:3.13.0] AndroidManifest.xml:63:25-78
146
147                <category android:name="com.example.datingcrod" />
147-->[com.onesignal:OneSignal:3.13.0] AndroidManifest.xml:65:17-61
147-->[com.onesignal:OneSignal:3.13.0] AndroidManifest.xml:65:27-58
148            </intent-filter>
149        </receiver>
150        <receiver android:name="com.onesignal.NotificationOpenedReceiver" />
150-->[com.onesignal:OneSignal:3.13.0] AndroidManifest.xml:68:9-77
150-->[com.onesignal:OneSignal:3.13.0] AndroidManifest.xml:68:19-74
151
152        <service android:name="com.onesignal.GcmIntentService" />
152-->[com.onesignal:OneSignal:3.13.0] AndroidManifest.xml:70:9-66
152-->[com.onesignal:OneSignal:3.13.0] AndroidManifest.xml:70:18-63
153        <service
153-->[com.onesignal:OneSignal:3.13.0] AndroidManifest.xml:71:9-73:72
154            android:name="com.onesignal.GcmIntentJobService"
154-->[com.onesignal:OneSignal:3.13.0] AndroidManifest.xml:72:13-61
155            android:permission="android.permission.BIND_JOB_SERVICE" />
155-->[com.onesignal:OneSignal:3.13.0] AndroidManifest.xml:73:13-69
156        <service
156-->[com.onesignal:OneSignal:3.13.0] AndroidManifest.xml:74:9-76:72
157            android:name="com.onesignal.RestoreJobService"
157-->[com.onesignal:OneSignal:3.13.0] AndroidManifest.xml:75:13-59
158            android:permission="android.permission.BIND_JOB_SERVICE" />
158-->[com.onesignal:OneSignal:3.13.0] AndroidManifest.xml:76:13-69
159        <service
159-->[com.onesignal:OneSignal:3.13.0] AndroidManifest.xml:77:9-79:72
160            android:name="com.onesignal.RestoreKickoffJobService"
160-->[com.onesignal:OneSignal:3.13.0] AndroidManifest.xml:78:13-66
161            android:permission="android.permission.BIND_JOB_SERVICE" />
161-->[com.onesignal:OneSignal:3.13.0] AndroidManifest.xml:79:13-69
162        <service
162-->[com.onesignal:OneSignal:3.13.0] AndroidManifest.xml:80:9-82:43
163            android:name="com.onesignal.SyncService"
163-->[com.onesignal:OneSignal:3.13.0] AndroidManifest.xml:81:13-53
164            android:stopWithTask="true" />
164-->[com.onesignal:OneSignal:3.13.0] AndroidManifest.xml:82:13-40
165        <service
165-->[com.onesignal:OneSignal:3.13.0] AndroidManifest.xml:83:9-85:72
166            android:name="com.onesignal.SyncJobService"
166-->[com.onesignal:OneSignal:3.13.0] AndroidManifest.xml:84:13-56
167            android:permission="android.permission.BIND_JOB_SERVICE" />
167-->[com.onesignal:OneSignal:3.13.0] AndroidManifest.xml:85:13-69
168
169        <activity
169-->[com.onesignal:OneSignal:3.13.0] AndroidManifest.xml:87:9-89:75
170            android:name="com.onesignal.PermissionsActivity"
170-->[com.onesignal:OneSignal:3.13.0] AndroidManifest.xml:88:13-61
171            android:theme="@android:style/Theme.Translucent.NoTitleBar" />
171-->[com.onesignal:OneSignal:3.13.0] AndroidManifest.xml:89:13-72
172
173        <service android:name="com.onesignal.NotificationRestoreService" />
173-->[com.onesignal:OneSignal:3.13.0] AndroidManifest.xml:91:9-76
173-->[com.onesignal:OneSignal:3.13.0] AndroidManifest.xml:91:18-73
174
175        <receiver android:name="com.onesignal.BootUpReceiver" >
175-->[com.onesignal:OneSignal:3.13.0] AndroidManifest.xml:93:9-98:20
175-->[com.onesignal:OneSignal:3.13.0] AndroidManifest.xml:93:19-62
176            <intent-filter>
176-->[com.onesignal:OneSignal:3.13.0] AndroidManifest.xml:94:13-97:29
177                <action android:name="android.intent.action.BOOT_COMPLETED" />
177-->[com.onesignal:OneSignal:3.13.0] AndroidManifest.xml:95:17-79
177-->[com.onesignal:OneSignal:3.13.0] AndroidManifest.xml:95:25-76
178                <action android:name="android.intent.action.QUICKBOOT_POWERON" />
178-->[com.onesignal:OneSignal:3.13.0] AndroidManifest.xml:96:17-82
178-->[com.onesignal:OneSignal:3.13.0] AndroidManifest.xml:96:25-79
179            </intent-filter>
180        </receiver>
181        <receiver android:name="com.onesignal.UpgradeReceiver" >
181-->[com.onesignal:OneSignal:3.13.0] AndroidManifest.xml:99:9-103:20
181-->[com.onesignal:OneSignal:3.13.0] AndroidManifest.xml:99:19-63
182            <intent-filter>
182-->[com.onesignal:OneSignal:3.13.0] AndroidManifest.xml:100:13-102:29
183                <action android:name="android.intent.action.MY_PACKAGE_REPLACED" />
183-->[com.onesignal:OneSignal:3.13.0] AndroidManifest.xml:101:17-84
183-->[com.onesignal:OneSignal:3.13.0] AndroidManifest.xml:101:25-81
184            </intent-filter>
185        </receiver>
186
187        <activity
187-->[com.google.firebase:firebase-auth:20.0.2] AndroidManifest.xml:27:9-44:20
188            android:name="com.google.firebase.auth.internal.GenericIdpActivity"
188-->[com.google.firebase:firebase-auth:20.0.2] AndroidManifest.xml:28:13-80
189            android:excludeFromRecents="true"
189-->[com.google.firebase:firebase-auth:20.0.2] AndroidManifest.xml:29:13-46
190            android:exported="true"
190-->[com.google.firebase:firebase-auth:20.0.2] AndroidManifest.xml:30:13-36
191            android:launchMode="singleTask"
191-->[com.google.firebase:firebase-auth:20.0.2] AndroidManifest.xml:31:13-44
192            android:theme="@android:style/Theme.Translucent.NoTitleBar" >
192-->[com.google.firebase:firebase-auth:20.0.2] AndroidManifest.xml:32:13-72
193            <intent-filter>
193-->[com.google.firebase:firebase-auth:20.0.2] AndroidManifest.xml:33:13-43:29
194                <action android:name="android.intent.action.VIEW" />
194-->[com.google.firebase:firebase-auth:20.0.2] AndroidManifest.xml:34:17-69
194-->[com.google.firebase:firebase-auth:20.0.2] AndroidManifest.xml:34:25-66
195
196                <category android:name="android.intent.category.DEFAULT" />
196-->src\main\AndroidManifest.xml:43:17-76
196-->src\main\AndroidManifest.xml:43:27-73
197                <category android:name="android.intent.category.BROWSABLE" />
197-->[com.google.firebase:firebase-auth:20.0.2] AndroidManifest.xml:37:17-78
197-->[com.google.firebase:firebase-auth:20.0.2] AndroidManifest.xml:37:27-75
198
199                <data
199-->[com.google.firebase:firebase-auth:20.0.2] AndroidManifest.xml:39:17-42:51
200                    android:host="firebase.auth"
200-->[com.google.firebase:firebase-auth:20.0.2] AndroidManifest.xml:40:21-49
201                    android:path="/"
201-->[com.google.firebase:firebase-auth:20.0.2] AndroidManifest.xml:41:21-37
202                    android:scheme="genericidp" />
202-->[com.google.firebase:firebase-auth:20.0.2] AndroidManifest.xml:42:21-48
203            </intent-filter>
204        </activity>
205        <activity
205-->[com.google.firebase:firebase-auth:20.0.2] AndroidManifest.xml:45:9-62:20
206            android:name="com.google.firebase.auth.internal.RecaptchaActivity"
206-->[com.google.firebase:firebase-auth:20.0.2] AndroidManifest.xml:46:13-79
207            android:excludeFromRecents="true"
207-->[com.google.firebase:firebase-auth:20.0.2] AndroidManifest.xml:47:13-46
208            android:exported="true"
208-->[com.google.firebase:firebase-auth:20.0.2] AndroidManifest.xml:48:13-36
209            android:launchMode="singleTask"
209-->[com.google.firebase:firebase-auth:20.0.2] AndroidManifest.xml:49:13-44
210            android:theme="@android:style/Theme.Translucent.NoTitleBar" >
210-->[com.google.firebase:firebase-auth:20.0.2] AndroidManifest.xml:50:13-72
211            <intent-filter>
211-->[com.google.firebase:firebase-auth:20.0.2] AndroidManifest.xml:51:13-61:29
212                <action android:name="android.intent.action.VIEW" />
212-->[com.google.firebase:firebase-auth:20.0.2] AndroidManifest.xml:34:17-69
212-->[com.google.firebase:firebase-auth:20.0.2] AndroidManifest.xml:34:25-66
213
214                <category android:name="android.intent.category.DEFAULT" />
214-->src\main\AndroidManifest.xml:43:17-76
214-->src\main\AndroidManifest.xml:43:27-73
215                <category android:name="android.intent.category.BROWSABLE" />
215-->[com.google.firebase:firebase-auth:20.0.2] AndroidManifest.xml:37:17-78
215-->[com.google.firebase:firebase-auth:20.0.2] AndroidManifest.xml:37:27-75
216
217                <data
217-->[com.google.firebase:firebase-auth:20.0.2] AndroidManifest.xml:39:17-42:51
218                    android:host="firebase.auth"
218-->[com.google.firebase:firebase-auth:20.0.2] AndroidManifest.xml:40:21-49
219                    android:path="/"
219-->[com.google.firebase:firebase-auth:20.0.2] AndroidManifest.xml:41:21-37
220                    android:scheme="recaptcha" />
220-->[com.google.firebase:firebase-auth:20.0.2] AndroidManifest.xml:42:21-48
221            </intent-filter>
222        </activity>
223
224        <service
224-->[com.google.firebase:firebase-auth:20.0.2] AndroidManifest.xml:64:9-73:19
225            android:name="com.google.firebase.auth.api.fallback.service.FirebaseAuthFallbackService"
225-->[com.google.firebase:firebase-auth:20.0.2] AndroidManifest.xml:65:13-101
226            android:enabled="true"
226-->[com.google.firebase:firebase-auth:20.0.2] AndroidManifest.xml:66:13-35
227            android:exported="false" >
227-->[com.google.firebase:firebase-auth:20.0.2] AndroidManifest.xml:67:13-37
228            <intent-filter>
228-->[com.google.firebase:firebase-auth:20.0.2] AndroidManifest.xml:68:13-72:29
229                <action android:name="com.google.firebase.auth.api.gms.service.START" />
229-->[com.google.firebase:firebase-auth:20.0.2] AndroidManifest.xml:69:17-89
229-->[com.google.firebase:firebase-auth:20.0.2] AndroidManifest.xml:69:25-86
230
231                <category android:name="android.intent.category.DEFAULT" />
231-->src\main\AndroidManifest.xml:43:17-76
231-->src\main\AndroidManifest.xml:43:27-73
232            </intent-filter>
233        </service>
234        <service
234-->[com.google.firebase:firebase-auth:20.0.2] AndroidManifest.xml:74:9-80:19
235            android:name="com.google.firebase.components.ComponentDiscoveryService"
235-->[com.google.firebase:firebase-auth:20.0.2] AndroidManifest.xml:75:13-84
236            android:directBootAware="true"
236-->[com.google.firebase:firebase-common:19.5.0] AndroidManifest.xml:35:13-43
237            android:exported="false" >
237-->[com.google.firebase:firebase-auth:20.0.2] AndroidManifest.xml:76:13-37
238            <meta-data
238-->[com.google.firebase:firebase-auth:20.0.2] AndroidManifest.xml:77:13-79:85
239                android:name="com.google.firebase.components:com.google.firebase.auth.FirebaseAuthRegistrar"
239-->[com.google.firebase:firebase-auth:20.0.2] AndroidManifest.xml:78:17-109
240                android:value="com.google.firebase.components.ComponentRegistrar" />
240-->[com.google.firebase:firebase-auth:20.0.2] AndroidManifest.xml:79:17-82
241            <meta-data
241-->[com.google.firebase:firebase-storage:19.2.1] AndroidManifest.xml:33:13-35:85
242                android:name="com.google.firebase.components:com.google.firebase.storage.StorageRegistrar"
242-->[com.google.firebase:firebase-storage:19.2.1] AndroidManifest.xml:34:17-107
243                android:value="com.google.firebase.components.ComponentRegistrar" />
243-->[com.google.firebase:firebase-storage:19.2.1] AndroidManifest.xml:35:17-82
244            <meta-data
244-->[com.google.firebase:firebase-messaging:21.0.1] AndroidManifest.xml:39:13-41:85
245                android:name="com.google.firebase.components:com.google.firebase.messaging.FirebaseMessagingRegistrar"
245-->[com.google.firebase:firebase-messaging:21.0.1] AndroidManifest.xml:40:17-119
246                android:value="com.google.firebase.components.ComponentRegistrar" />
246-->[com.google.firebase:firebase-messaging:21.0.1] AndroidManifest.xml:41:17-82
247            <meta-data
247-->[com.google.firebase:firebase-database:19.6.0] AndroidManifest.xml:32:13-34:85
248                android:name="com.google.firebase.components:com.google.firebase.database.DatabaseRegistrar"
248-->[com.google.firebase:firebase-database:19.6.0] AndroidManifest.xml:33:17-109
249                android:value="com.google.firebase.components.ComponentRegistrar" />
249-->[com.google.firebase:firebase-database:19.6.0] AndroidManifest.xml:34:17-82
250            <meta-data
250-->[com.google.firebase:firebase-iid:21.0.1] AndroidManifest.xml:32:13-34:85
251                android:name="com.google.firebase.components:com.google.firebase.iid.Registrar"
251-->[com.google.firebase:firebase-iid:21.0.1] AndroidManifest.xml:33:17-96
252                android:value="com.google.firebase.components.ComponentRegistrar" />
252-->[com.google.firebase:firebase-iid:21.0.1] AndroidManifest.xml:34:17-82
253            <meta-data
253-->[com.google.firebase:firebase-datatransport:17.0.10] AndroidManifest.xml:28:13-30:85
254                android:name="com.google.firebase.components:com.google.firebase.datatransport.TransportRegistrar"
254-->[com.google.firebase:firebase-datatransport:17.0.10] AndroidManifest.xml:29:17-115
255                android:value="com.google.firebase.components.ComponentRegistrar" />
255-->[com.google.firebase:firebase-datatransport:17.0.10] AndroidManifest.xml:30:17-82
256            <meta-data
256-->[com.google.android.gms:play-services-measurement-api:18.0.2] AndroidManifest.xml:30:13-32:85
257                android:name="com.google.firebase.components:com.google.firebase.analytics.connector.internal.AnalyticsConnectorRegistrar"
257-->[com.google.android.gms:play-services-measurement-api:18.0.2] AndroidManifest.xml:31:17-139
258                android:value="com.google.firebase.components.ComponentRegistrar" />
258-->[com.google.android.gms:play-services-measurement-api:18.0.2] AndroidManifest.xml:32:17-82
259            <meta-data
259-->[com.google.firebase:firebase-installations:16.3.5] AndroidManifest.xml:18:13-20:85
260                android:name="com.google.firebase.components:com.google.firebase.installations.FirebaseInstallationsRegistrar"
260-->[com.google.firebase:firebase-installations:16.3.5] AndroidManifest.xml:19:17-127
261                android:value="com.google.firebase.components.ComponentRegistrar" />
261-->[com.google.firebase:firebase-installations:16.3.5] AndroidManifest.xml:20:17-82
262            <!--
263                This registrar is not defined in the dynamic-module-support sdk itself to allow non-firebase
264                clients to use it as well, by defining this registrar in their own core/common library.
265            -->
266            <meta-data
266-->[com.google.firebase:firebase-common:19.5.0] AndroidManifest.xml:43:13-45:85
267                android:name="com.google.firebase.components:com.google.firebase.dynamicloading.DynamicLoadingRegistrar"
267-->[com.google.firebase:firebase-common:19.5.0] AndroidManifest.xml:44:17-121
268                android:value="com.google.firebase.components.ComponentRegistrar" />
268-->[com.google.firebase:firebase-common:19.5.0] AndroidManifest.xml:45:17-82